JobID           JobName  Partition    Account  AllocCPUS      State ExitCode 
------------ ---------- ---------- ---------- ---------- ---------- -------- 
46601892     CT_MPS_L1+       main    general          6  COMPLETED      0:0 
46601892.ba+      batch               general          6  COMPLETED      0:0 
46601892.ex+     extern               general          6  COMPLETED      0:0 
46601893     CT_MPS_L1+       main    general          6  COMPLETED      0:0 
46601893.ba+      batch               general          6  COMPLETED      0:0 
46601893.ex+     extern               general          6  COMPLETED      0:0 
46602075     CT_MPS_L1+       main    general          6  COMPLETED      0:0 
46602075.ba+      batch               general          6  COMPLETED      0:0 
46602075.ex+     extern               general          6  COMPLETED      0:0 
46602076     CT_MPS_L1+       main    general          6  COMPLETED      0:0 
46602076.ba+      batch               general          6  COMPLETED      0:0 
46602076.ex+     extern               general          6  COMPLETED      0:0 
46602078     bashsdfsdf       main    general          6     FAILED      2:0 
46602078.ex+     extern               general          6  COMPLETED      0:0 
46602078.0   bashsdfsdf               general          6     FAILED      2:0 
46602085           bash       main    general          6  COMPLETED      0:0 
46602085.ex+     extern               general          6  COMPLETED      0:0 
46602085.0         bash               general          6  COMPLETED      0:0 
46604936           bash       main    general          6     FAILED      0:9 
46604936.ex+     extern               general          6  COMPLETED      0:0 
46604936.0         bash               general          6  COMPLETED      0:0 
46607809        python3       main    general          1     FAILED      1:0 
46607809.ex+     extern               general          1  COMPLETED      0:0 
46607809.0      python3               general          1     FAILED      1:0 
46607813        python3       main    general          1     FAILED      1:0 
46607813.ex+     extern               general          1  COMPLETED      0:0 
46607813.0      python3               general          1     FAILED      1:0 
46607818        python3       main    general          1  COMPLETED      0:0 
46607818.ex+     extern               general          1  COMPLETED      0:0 
46607818.0      python3               general          1  COMPLETED      0:0 
46607821        python3       main    general          1     FAILED      1:0 
46607821.ex+     extern               general          1  COMPLETED      0:0 
46607821.0      python3               general          1     FAILED      1:0 
46607824        python3       main    general          4  COMPLETED      0:0 
46607824.ex+     extern               general          4  COMPLETED      0:0 
46607824.0      python3               general          4  COMPLETED      0:0 
46608027        sv_calc       main    general          1     FAILED      2:0 
46608027.ba+      batch               general          1     FAILED      2:0 
46608027.ex+     extern               general          1  COMPLETED      0:0 
46608027.0      python3               general          1     FAILED      2:0 
46608033             sv       main    general          1     FAILED      2:0 
46608033.ba+      batch               general          1     FAILED      2:0 
46608033.ex+     extern               general          1  COMPLETED      0:0 
46608033.0      python3               general          1     FAILED      2:0 
46608046             sv       main    general          5  COMPLETED      0:0 
46608046.ba+      batch               general          5  COMPLETED      0:0 
46608046.ex+     extern               general          5  COMPLETED      0:0 
46608046.0      python3               general          5  COMPLETED      0:0 
46608329             sv       main    general         10  COMPLETED      0:0 
46608329.ba+      batch               general          2  COMPLETED      0:0 
46608329.ex+     extern               general         10  COMPLETED      0:0 
46608329.0      python3               general         10  COMPLETED      0:0 
46608338             sv       main    general        100  COMPLETED      0:0 
46608338.ba+      batch               general          7  COMPLETED      0:0 
46608338.ex+     extern               general        100  COMPLETED      0:0 
46608338.0      python3               general        100  COMPLETED      0:0 
46608339             sv       main    general        200    RUNNING      0:0 
46608339.ba+      batch               general          6    RUNNING      0:0 
46608339.ex+     extern               general        200    RUNNING      0:0 
46608339.0      python3               general        200    RUNNING      0:0 
46608340             sv       main    general        200  PREEMPTED      0:0 
46608340.ba+      batch               general         14  CANCELLED     0:15 
46608340.ex+     extern               general        200  COMPLETED      0:0 
46608340.0      python3               general        200  CANCELLED     0:15 
46608344     CT_MPS_L2+       main    general          6    RUNNING      0:0 
46608344.ba+      batch               general          6    RUNNING      0:0 
46608344.ex+     extern               general          6    RUNNING      0:0 
46608345     CT_MPS_L2+       main    general          6    RUNNING      0:0 
46608345.ba+      batch               general          6    RUNNING      0:0 
46608345.ex+     extern               general          6    RUNNING      0:0 
46608346     CT_MPS_L2+       main    general          6    RUNNING      0:0 
46608346.ba+      batch               general          6    RUNNING      0:0 
46608346.ex+     extern               general          6    RUNNING      0:0 
46608347     CT_MPS_L2+       main    general          6    RUNNING      0:0 
46608347.ba+      batch               general          6    RUNNING      0:0 
46608347.ex+     extern               general          6    RUNNING      0:0 
46608348     CT_MPS_L2+       main    general          6    RUNNING      0:0 
46608348.ba+      batch               general          6    RUNNING      0:0 
46608348.ex+     extern               general          6    RUNNING      0:0 
46608349     CT_MPS_L2+       main    general          6    RUNNING      0:0 
46608349.ba+      batch               general          6    RUNNING      0:0 
46608349.ex+     extern               general          6    RUNNING      0:0 
46608350     CT_MPS_L2+       main    general          6    RUNNING      0:0 
46608350.ba+      batch               general          6    RUNNING      0:0 
46608350.ex+     extern               general          6    RUNNING      0:0 
46608351     CT_MPS_L2+       main    general          6    RUNNING      0:0 
46608351.ba+      batch               general          6    RUNNING      0:0 
46608351.ex+     extern               general          6    RUNNING      0:0 
46608352     CT_MPS_L2+       main    general          6    RUNNING      0:0 
46608352.ba+      batch               general          6    RUNNING      0:0 
46608352.ex+     extern               general          6    RUNNING      0:0 
46608353     CT_MPS_L2+       main    general          6    RUNNING      0:0 
46608353.ba+      batch               general          6    RUNNING      0:0 
46608353.ex+     extern               general          6    RUNNING      0:0 
46608354     CT_MPS_L2+       main    general          6    RUNNING      0:0 
46608354.ba+      batch               general          6    RUNNING      0:0 
46608354.ex+     extern               general          6    RUNNING      0:0 
46608355     CT_MPS_L2+       main    general          6    RUNNING      0:0 
46608355.ba+      batch               general          6    RUNNING      0:0 
46608355.ex+     extern               general          6    RUNNING      0:0 
46608356     CT_MPS_L2+       main    general          6    RUNNING      0:0 
46608356.ba+      batch               general          6    RUNNING      0:0 
46608356.ex+     extern               general          6    RUNNING      0:0 
46608357     CT_MPS_L2+       main    general          6    RUNNING      0:0 
46608357.ba+      batch               general          6    RUNNING      0:0 
46608357.ex+     extern               general          6    RUNNING      0:0 
46608358     CT_MPS_L2+       main    general          6    RUNNING      0:0 
46608358.ba+      batch               general          6    RUNNING      0:0 
46608358.ex+     extern               general          6    RUNNING      0:0 
46608359     CT_MPS_L2+       main    general          6    RUNNING      0:0 
46608359.ba+      batch               general          6    RUNNING      0:0 
46608359.ex+     extern               general          6    RUNNING      0:0 
46608360     CT_MPS_L2+       main    general          6    RUNNING      0:0 
46608360.ba+      batch               general          6    RUNNING      0:0 
46608360.ex+     extern               general          6    RUNNING      0:0 
46608361     CT_MPS_L2+       main    general          6    RUNNING      0:0 
46608361.ba+      batch               general          6    RUNNING      0:0 
46608361.ex+     extern               general          6    RUNNING      0:0 
46608362     CT_MPS_L2+       main    general          6    RUNNING      0:0 
46608362.ba+      batch               general          6    RUNNING      0:0 
46608362.ex+     extern               general          6    RUNNING      0:0 
46608363     CT_MPS_L2+       main    general          6    RUNNING      0:0 
46608363.ba+      batch               general          6    RUNNING      0:0 
46608363.ex+     extern               general          6    RUNNING      0:0 
46608364     CT_MPS_L2+       main    general          6    RUNNING      0:0 
46608364.ba+      batch               general          6    RUNNING      0:0 
46608364.ex+     extern               general          6    RUNNING      0:0 
46608365     CT_MPS_L2+       main    general          6    RUNNING      0:0 
46608365.ba+      batch               general          6    RUNNING      0:0 
46608365.ex+     extern               general          6    RUNNING      0:0 
46608366     CT_MPS_L2+       main    general          6    RUNNING      0:0 
46608366.ba+      batch               general          6    RUNNING      0:0 
46608366.ex+     extern               general          6    RUNNING      0:0 
46608367     CT_MPS_L2+       main    general          6    RUNNING      0:0 
46608367.ba+      batch               general          6    RUNNING      0:0 
46608367.ex+     extern               general          6    RUNNING      0:0 
46608368     CT_MPS_L2+       main    general          6    RUNNING      0:0 
46608368.ba+      batch               general          6    RUNNING      0:0 
46608368.ex+     extern               general          6    RUNNING      0:0 
46608369     CT_MPS_L2+       main    general          6    RUNNING      0:0 
46608369.ba+      batch               general          6    RUNNING      0:0 
46608369.ex+     extern               general          6    RUNNING      0:0 
46608370     CT_MPS_L2+       main    general          6    RUNNING      0:0 
46608370.ba+      batch               general          6    RUNNING      0:0 
46608370.ex+     extern               general          6    RUNNING      0:0 
46608371     CT_MPS_L2+       main    general          6    RUNNING      0:0 
46608371.ba+      batch               general          6    RUNNING      0:0 
46608371.ex+     extern               general          6    RUNNING      0:0 
46608372     CT_MPS_L2+       main    general          6    RUNNING      0:0 
46608372.ba+      batch               general          6    RUNNING      0:0 
46608372.ex+     extern               general          6    RUNNING      0:0 
46608373     CT_MPS_L2+       main    general          6    RUNNING      0:0 
46608373.ba+      batch               general          6    RUNNING      0:0 
46608373.ex+     extern               general          6    RUNNING      0:0 
46608374     CT_MPS_L2+       main    general          6    RUNNING      0:0 
46608374.ba+      batch               general          6    RUNNING      0:0 
46608374.ex+     extern               general          6    RUNNING      0:0 
46608375     CT_MPS_L2+       main    general          6    RUNNING      0:0 
46608375.ba+      batch               general          6    RUNNING      0:0 
46608375.ex+     extern               general          6    RUNNING      0:0 
46608376     CT_MPS_L2+       main    general          6    RUNNING      0:0 
46608376.ba+      batch               general          6    RUNNING      0:0 
46608376.ex+     extern               general          6    RUNNING      0:0 
46608377     CT_MPS_L2+       main    general          6    RUNNING      0:0 
46608377.ba+      batch               general          6    RUNNING      0:0 
46608377.ex+     extern               general          6    RUNNING      0:0 
46608378     CT_MPS_L2+       main    general          6    RUNNING      0:0 
46608378.ba+      batch               general          6    RUNNING      0:0 
46608378.ex+     extern               general          6    RUNNING      0:0 
46608379     CT_MPS_L2+       main    general          6    RUNNING      0:0 
46608379.ba+      batch               general          6    RUNNING      0:0 
46608379.ex+     extern               general          6    RUNNING      0:0 
46608380     CT_MPS_L2+       main    general          6    RUNNING      0:0 
46608380.ba+      batch               general          6    RUNNING      0:0 
46608380.ex+     extern               general          6    RUNNING      0:0 
46608381     CT_MPS_L2+       main    general          6    RUNNING      0:0 
46608381.ba+      batch               general          6    RUNNING      0:0 
46608381.ex+     extern               general          6    RUNNING      0:0 
46608382     CT_MPS_L2+       main    general          6    RUNNING      0:0 
46608382.ba+      batch               general          6    RUNNING      0:0 
46608382.ex+     extern               general          6    RUNNING      0:0 
46608383     CT_MPS_L2+       main    general          6    RUNNING      0:0 
46608383.ba+      batch               general          6    RUNNING      0:0 
46608383.ex+     extern               general          6    RUNNING      0:0 
46608384     CT_MPS_L2+       main    general          6    RUNNING      0:0 
46608384.ba+      batch               general          6    RUNNING      0:0 
46608384.ex+     extern               general          6    RUNNING      0:0 
46608385     CT_MPS_L2+       main    general          6    RUNNING      0:0 
46608385.ba+      batch               general          6    RUNNING      0:0 
46608385.ex+     extern               general          6    RUNNING      0:0 
46608386     CT_MPS_L2+       main    general          6    RUNNING      0:0 
46608386.ba+      batch               general          6    RUNNING      0:0 
46608386.ex+     extern               general          6    RUNNING      0:0 
46608387     CT_MPS_L2+       main    general          6    RUNNING      0:0 
46608387.ba+      batch               general          6    RUNNING      0:0 
46608387.ex+     extern               general          6    RUNNING      0:0 
46608388     CT_MPS_L2+       main    general          6    RUNNING      0:0 
46608388.ba+      batch               general          6    RUNNING      0:0 
46608388.ex+     extern               general          6    RUNNING      0:0 
46608389     CT_MPS_L2+       main    general          6    RUNNING      0:0 
46608389.ba+      batch               general          6    RUNNING      0:0 
46608389.ex+     extern               general          6    RUNNING      0:0 
46608390     CT_MPS_L2+       main    general          6    RUNNING      0:0 
46608390.ba+      batch               general          6    RUNNING      0:0 
46608390.ex+     extern               general          6    RUNNING      0:0 
46608391     CT_MPS_L2+       main    general          6    RUNNING      0:0 
46608391.ba+      batch               general          6    RUNNING      0:0 
46608391.ex+     extern               general          6    RUNNING      0:0 
46608392     CT_MPS_L2+       main    general          6    RUNNING      0:0 
46608392.ba+      batch               general          6    RUNNING      0:0 
46608392.ex+     extern               general          6    RUNNING      0:0 
46608393     CT_MPS_L2+       main    general          6    RUNNING      0:0 
46608393.ba+      batch               general          6    RUNNING      0:0 
46608393.ex+     extern               general          6    RUNNING      0:0 
46608394     CT_MPS_L2+       main    general          6    RUNNING      0:0 
46608394.ba+      batch               general          6    RUNNING      0:0 
46608394.ex+     extern               general          6    RUNNING      0:0 
46608395     CT_MPS_L2+       main    general          6    RUNNING      0:0 
46608395.ba+      batch               general          6    RUNNING      0:0 
46608395.ex+     extern               general          6    RUNNING      0:0 
46608396     CT_MPS_L2+       main    general          6    RUNNING      0:0 
46608396.ba+      batch               general          6    RUNNING      0:0 
46608396.ex+     extern               general          6    RUNNING      0:0 
46608397     CT_MPS_L2+       main    general          6    RUNNING      0:0 
46608397.ba+      batch               general          6    RUNNING      0:0 
46608397.ex+     extern               general          6    RUNNING      0:0 
46608398     CT_MPS_L2+       main    general          6    RUNNING      0:0 
46608398.ba+      batch               general          1    RUNNING      0:0 
46608398.ex+     extern               general          6    RUNNING      0:0 
46608399     CT_MPS_L2+       main    general          6    RUNNING      0:0 
46608399.ba+      batch               general          6    RUNNING      0:0 
46608399.ex+     extern               general          6    RUNNING      0:0 
46608400     CT_MPS_L2+       main    general          6    RUNNING      0:0 
46608400.ba+      batch               general          6    RUNNING      0:0 
46608400.ex+     extern               general          6    RUNNING      0:0 
46608401     CT_MPS_L2+       main    general          6  PREEMPTED      0:0 
46608401.ba+      batch               general          6  CANCELLED     0:15 
46608401.ex+     extern               general          6  COMPLETED      0:0 
46608402     CT_MPS_L2+       main    general          6    RUNNING      0:0 
46608402.ba+      batch               general          6    RUNNING      0:0 
46608402.ex+     extern               general          6    RUNNING      0:0 
46608403     CT_MPS_L2+       main    general          6    RUNNING      0:0 
46608403.ba+      batch               general          6    RUNNING      0:0 
46608403.ex+     extern               general          6    RUNNING      0:0 
46608404     CT_MPS_L2+       main    general          6    RUNNING      0:0 
46608404.ba+      batch               general          6    RUNNING      0:0 
46608404.ex+     extern               general          6    RUNNING      0:0 
46608405     CT_MPS_L2+       main    general          6    RUNNING      0:0 
46608405.ba+      batch               general          6    RUNNING      0:0 
46608405.ex+     extern               general          6    RUNNING      0:0 
46608406     CT_MPS_L2+       main    general          6    RUNNING      0:0 
46608406.ba+      batch               general          6    RUNNING      0:0 
46608406.ex+     extern               general          6    RUNNING      0:0 
46608407     CT_MPS_L2+       main    general          6    RUNNING      0:0 
46608407.ba+      batch               general          6    RUNNING      0:0 
46608407.ex+     extern               general          6    RUNNING      0:0 
46608408     CT_MPS_L2+       main    general          6    RUNNING      0:0 
46608408.ba+      batch               general          6    RUNNING      0:0 
46608408.ex+     extern               general          6    RUNNING      0:0 
46608409     CT_MPS_L2+       main    general          6    RUNNING      0:0 
46608409.ba+      batch               general          6    RUNNING      0:0 
46608409.ex+     extern               general          6    RUNNING      0:0 
46608410     CT_MPS_L2+       main    general          6    RUNNING      0:0 
46608410.ba+      batch               general          6    RUNNING      0:0 
46608410.ex+     extern               general          6    RUNNING      0:0 
46608411     CT_MPS_L2+       main    general          6    RUNNING      0:0 
46608411.ba+      batch               general          6    RUNNING      0:0 
46608411.ex+     extern               general          6    RUNNING      0:0 
46608412     CT_MPS_L2+       main    general          6    RUNNING      0:0 
46608412.ba+      batch               general          6    RUNNING      0:0 
46608412.ex+     extern               general          6    RUNNING      0:0 
46608413     CT_MPS_L2+       main    general          6    RUNNING      0:0 
46608413.ba+      batch               general          6    RUNNING      0:0 
46608413.ex+     extern               general          6    RUNNING      0:0 
46608414     CT_MPS_L2+       main    general          6    RUNNING      0:0 
46608414.ba+      batch               general          6    RUNNING      0:0 
46608414.ex+     extern               general          6    RUNNING      0:0 
46608415     CT_MPS_L2+       main    general          6    RUNNING      0:0 
46608415.ba+      batch               general          6    RUNNING      0:0 
46608415.ex+     extern               general          6    RUNNING      0:0 
46608416     CT_MPS_L2+       main    general          6    RUNNING      0:0 
46608416.ba+      batch               general          6    RUNNING      0:0 
46608416.ex+     extern               general          6    RUNNING      0:0 
46608417     CT_MPS_L2+       main    general          6    RUNNING      0:0 
46608417.ba+      batch               general          6    RUNNING      0:0 
46608417.ex+     extern               general          6    RUNNING      0:0 
46608418     CT_MPS_L2+       main    general          6    RUNNING      0:0 
46608418.ba+      batch               general          6    RUNNING      0:0 
46608418.ex+     extern               general          6    RUNNING      0:0 
46608419     CT_MPS_L2+       main    general          6    RUNNING      0:0 
46608419.ba+      batch               general          6    RUNNING      0:0 
46608419.ex+     extern               general          6    RUNNING      0:0 
46608420     CT_MPS_L2+       main    general          6    RUNNING      0:0 
46608420.ba+      batch               general          6    RUNNING      0:0 
46608420.ex+     extern               general          6    RUNNING      0:0 
46608421     CT_MPS_L2+       main    general          6    RUNNING      0:0 
46608421.ba+      batch               general          6    RUNNING      0:0 
46608421.ex+     extern               general          6    RUNNING      0:0 
46608422     CT_MPS_L2+       main    general          6    RUNNING      0:0 
46608422.ba+      batch               general          6    RUNNING      0:0 
46608422.ex+     extern               general          6    RUNNING      0:0 
46608423     CT_MPS_L2+       main    general          6    RUNNING      0:0 
46608423.ba+      batch               general          6    RUNNING      0:0 
46608423.ex+     extern               general          6    RUNNING      0:0 
46608424     CT_MPS_L2+       main    general          6    RUNNING      0:0 
46608424.ba+      batch               general          6    RUNNING      0:0 
46608424.ex+     extern               general          6    RUNNING      0:0 
46608425     CT_MPS_L2+       main    general          6    RUNNING      0:0 
46608425.ba+      batch               general          6    RUNNING      0:0 
46608425.ex+     extern               general          6    RUNNING      0:0 
46608426     CT_MPS_L2+       main    general          6    RUNNING      0:0 
46608426.ba+      batch               general          6    RUNNING      0:0 
46608426.ex+     extern               general          6    RUNNING      0:0 
46608427     CT_MPS_L2+       main    general          6    RUNNING      0:0 
46608427.ba+      batch               general          6    RUNNING      0:0 
46608427.ex+     extern               general          6    RUNNING      0:0 
46608428     CT_MPS_L2+       main    general          6    RUNNING      0:0 
46608428.ba+      batch               general          6    RUNNING      0:0 
46608428.ex+     extern               general          6    RUNNING      0:0 
46608429     CT_MPS_L2+       main    general          6    RUNNING      0:0 
46608429.ba+      batch               general          6    RUNNING      0:0 
46608429.ex+     extern               general          6    RUNNING      0:0 
46608430     CT_MPS_L2+       main    general          6    RUNNING      0:0 
46608430.ba+      batch               general          6    RUNNING      0:0 
46608430.ex+     extern               general          6    RUNNING      0:0 
46608431     CT_MPS_L2+       main    general          6    RUNNING      0:0 
46608431.ba+      batch               general          6    RUNNING      0:0 
46608431.ex+     extern               general          6    RUNNING      0:0 
46608432     CT_MPS_L2+       main    general          6    RUNNING      0:0 
46608432.ba+      batch               general          6    RUNNING      0:0 
46608432.ex+     extern               general          6    RUNNING      0:0 
46608433     CT_MPS_L2+       main    general          6    RUNNING      0:0 
46608433.ba+      batch               general          6    RUNNING      0:0 
46608433.ex+     extern               general          6    RUNNING      0:0 
46608434     CT_MPS_L2+       main    general          6  PREEMPTED      0:0 
46608434.ba+      batch               general          6  CANCELLED     0:15 
46608434.ex+     extern               general          6  COMPLETED      0:0 
46608435     CT_MPS_L2+       main    general          6  PREEMPTED      0:0 
46608435.ba+      batch               general          6  CANCELLED     0:15 
46608435.ex+     extern               general          6  COMPLETED      0:0 
46608436     CT_MPS_L2+       main    general          6    RUNNING      0:0 
46608436.ba+      batch               general          6    RUNNING      0:0 
46608436.ex+     extern               general          6    RUNNING      0:0 
46608437     CT_MPS_L2+       main    general          6    RUNNING      0:0 
46608437.ba+      batch               general          6    RUNNING      0:0 
46608437.ex+     extern               general          6    RUNNING      0:0 
46608438     CT_MPS_L2+       main    general          6  PREEMPTED      0:0 
46608438.ba+      batch               general          6  CANCELLED     0:15 
46608438.ex+     extern               general          6  COMPLETED      0:0 
46608439     CT_MPS_L2+       main    general          6  PREEMPTED      0:0 
46608439.ba+      batch               general          6  CANCELLED     0:15 
46608439.ex+     extern               general          6  COMPLETED      0:0 
46608440     CT_MPS_L2+       main    general          6    RUNNING      0:0 
46608440.ba+      batch               general          6    RUNNING      0:0 
46608440.ex+     extern               general          6    RUNNING      0:0 
46608441     CT_MPS_L2+       main    general          6    RUNNING      0:0 
46608441.ba+      batch               general          6    RUNNING      0:0 
46608441.ex+     extern               general          6    RUNNING      0:0 
46608442     CT_MPS_L2+       main    general          6    RUNNING      0:0 
46608442.ba+      batch               general          6    RUNNING      0:0 
46608442.ex+     extern               general          6    RUNNING      0:0 
46608443     CT_MPS_L2+       main    general          6    RUNNING      0:0 
46608443.ba+      batch               general          6    RUNNING      0:0 
46608443.ex+     extern               general          6    RUNNING      0:0 
46608444     CT_MPS_L2+       main    general          6    RUNNING      0:0 
46608444.ba+      batch               general          6    RUNNING      0:0 
46608444.ex+     extern               general          6    RUNNING      0:0 
46608445     CT_MPS_L2+       main    general          6    RUNNING      0:0 
46608445.ba+      batch               general          6    RUNNING      0:0 
46608445.ex+     extern               general          6    RUNNING      0:0 
46608446     CT_MPS_L2+       main    general          6    RUNNING      0:0 
46608446.ba+      batch               general          6    RUNNING      0:0 
46608446.ex+     extern               general          6    RUNNING      0:0 
46608447     CT_MPS_L2+       main    general          6    RUNNING      0:0 
46608447.ba+      batch               general          6    RUNNING      0:0 
46608447.ex+     extern               general          6    RUNNING      0:0 
46608448     CT_MPS_L2+       main    general          6    RUNNING      0:0 
46608448.ba+      batch               general          6    RUNNING      0:0 
46608448.ex+     extern               general          6    RUNNING      0:0 
46608449     CT_MPS_L2+       main    general          6    RUNNING      0:0 
46608449.ba+      batch               general          6    RUNNING      0:0 
46608449.ex+     extern               general          6    RUNNING      0:0 
46608450     CT_MPS_L2+       main    general          6    RUNNING      0:0 
46608450.ba+      batch               general          6    RUNNING      0:0 
46608450.ex+     extern               general          6    RUNNING      0:0 
46608451     CT_MPS_L2+       main    general          6    RUNNING      0:0 
46608451.ba+      batch               general          6    RUNNING      0:0 
46608451.ex+     extern               general          6    RUNNING      0:0 
46608452     CT_MPS_L2+       main    general          6    RUNNING      0:0 
46608452.ba+      batch               general          6    RUNNING      0:0 
46608452.ex+     extern               general          6    RUNNING      0:0 
46608453     CT_MPS_L2+       main    general          6    RUNNING      0:0 
46608453.ba+      batch               general          6    RUNNING      0:0 
46608453.ex+     extern               general          6    RUNNING      0:0 
46608454     CT_MPS_L2+       main    general          6    RUNNING      0:0 
46608454.ba+      batch               general          6    RUNNING      0:0 
46608454.ex+     extern               general          6    RUNNING      0:0 
46608455     CT_MPS_L2+       main    general          6    RUNNING      0:0 
46608455.ba+      batch               general          6    RUNNING      0:0 
46608455.ex+     extern               general          6    RUNNING      0:0 
46608456     CT_MPS_L2+       main    general          6    RUNNING      0:0 
46608456.ba+      batch               general          6    RUNNING      0:0 
46608456.ex+     extern               general          6    RUNNING      0:0 
46608457     CT_MPS_L2+       main    general          6    RUNNING      0:0 
46608457.ba+      batch               general          6    RUNNING      0:0 
46608457.ex+     extern               general          6    RUNNING      0:0 
46608458     CT_MPS_L2+       main    general          6    RUNNING      0:0 
46608458.ba+      batch               general          6    RUNNING      0:0 
46608458.ex+     extern               general          6    RUNNING      0:0 
46608459     CT_MPS_L2+       main    general          6    RUNNING      0:0 
46608459.ba+      batch               general          6    RUNNING      0:0 
46608459.ex+     extern               general          6    RUNNING      0:0 
46608460     CT_MPS_L2+       main    general          6    RUNNING      0:0 
46608460.ba+      batch               general          6    RUNNING      0:0 
46608460.ex+     extern               general          6    RUNNING      0:0 
46608461     CT_MPS_L2+       main    general          6    RUNNING      0:0 
46608461.ba+      batch               general          6    RUNNING      0:0 
46608461.ex+     extern               general          6    RUNNING      0:0 
46608462     CT_MPS_L2+       main    general          6    RUNNING      0:0 
46608462.ba+      batch               general          6    RUNNING      0:0 
46608462.ex+     extern               general          6    RUNNING      0:0 
46608463     CT_MPS_L2+       main    general          6    RUNNING      0:0 
46608463.ba+      batch               general          6    RUNNING      0:0 
46608463.ex+     extern               general          6    RUNNING      0:0 
46608464     CT_MPS_L2+       main    general          6    RUNNING      0:0 
46608464.ba+      batch               general          6    RUNNING      0:0 
46608464.ex+     extern               general          6    RUNNING      0:0 
46608465     CT_MPS_L2+       main    general          6    RUNNING      0:0 
46608465.ba+      batch               general          6    RUNNING      0:0 
46608465.ex+     extern               general          6    RUNNING      0:0 
46608466     CT_MPS_L2+       main    general          6    RUNNING      0:0 
46608466.ba+      batch               general          6    RUNNING      0:0 
46608466.ex+     extern               general          6    RUNNING      0:0 
46608467     CT_MPS_L2+       main    general          6    RUNNING      0:0 
46608467.ba+      batch               general          6    RUNNING      0:0 
46608467.ex+     extern               general          6    RUNNING      0:0 
46608468     CT_MPS_L2+       main    general          6    RUNNING      0:0 
46608468.ba+      batch               general          6    RUNNING      0:0 
46608468.ex+     extern               general          6    RUNNING      0:0 
46608469     CT_MPS_L2+       main    general          6    RUNNING      0:0 
46608469.ba+      batch               general          6    RUNNING      0:0 
46608469.ex+     extern               general          6    RUNNING      0:0 
46608470     CT_MPS_L2+       main    general          6    RUNNING      0:0 
46608470.ba+      batch               general          6    RUNNING      0:0 
46608470.ex+     extern               general          6    RUNNING      0:0 
46608471     CT_MPS_L2+       main    general          6    RUNNING      0:0 
46608471.ba+      batch               general          6    RUNNING      0:0 
46608471.ex+     extern               general          6    RUNNING      0:0 
46608472     CT_MPS_L2+       main    general          6    RUNNING      0:0 
46608472.ba+      batch               general          6    RUNNING      0:0 
46608472.ex+     extern               general          6    RUNNING      0:0 
46608473     CT_MPS_L2+       main    general          6    RUNNING      0:0 
46608473.ba+      batch               general          6    RUNNING      0:0 
46608473.ex+     extern               general          6    RUNNING      0:0 
46608474     CT_MPS_L2+       main    general          6    RUNNING      0:0 
46608474.ba+      batch               general          6    RUNNING      0:0 
46608474.ex+     extern               general          6    RUNNING      0:0 
46608475     CT_MPS_L2+       main    general          6    RUNNING      0:0 
46608475.ba+      batch               general          6    RUNNING      0:0 
46608475.ex+     extern               general          6    RUNNING      0:0 
46608476     CT_MPS_L2+       main    general          6    RUNNING      0:0 
46608476.ba+      batch               general          6    RUNNING      0:0 
46608476.ex+     extern               general          6    RUNNING      0:0 
46608477     CT_MPS_L2+       main    general          6    RUNNING      0:0 
46608477.ba+      batch               general          6    RUNNING      0:0 
46608477.ex+     extern               general          6    RUNNING      0:0 
46608478     CT_MPS_L2+       main    general          6    RUNNING      0:0 
46608478.ba+      batch               general          6    RUNNING      0:0 
46608478.ex+     extern               general          6    RUNNING      0:0 
46608479     CT_MPS_L2+       main    general          6  PREEMPTED      0:0 
46608479.ba+      batch               general          6  CANCELLED     0:15 
46608479.ex+     extern               general          6  COMPLETED      0:0 
46608480     CT_MPS_L2+       main    general          6    RUNNING      0:0 
46608480.ba+      batch               general          6    RUNNING      0:0 
46608480.ex+     extern               general          6    RUNNING      0:0 
46608481     CT_MPS_L2+       main    general          6    RUNNING      0:0 
46608481.ba+      batch               general          6    RUNNING      0:0 
46608481.ex+     extern               general          6    RUNNING      0:0 
46608482     CT_MPS_L2+       main    general          6    RUNNING      0:0 
46608482.ba+      batch               general          6    RUNNING      0:0 
46608482.ex+     extern               general          6    RUNNING      0:0 
46608483     CT_MPS_L2+       main    general          6    RUNNING      0:0 
46608483.ba+      batch               general          6    RUNNING      0:0 
46608483.ex+     extern               general          6    RUNNING      0:0 
46608484     CT_MPS_L2+       main    general          6    RUNNING      0:0 
46608484.ba+      batch               general          6    RUNNING      0:0 
46608484.ex+     extern               general          6    RUNNING      0:0 
46608485     CT_MPS_L2+       main    general          6     FAILED      1:0 
46608485.ba+      batch               general          6     FAILED      1:0 
46608485.ex+     extern               general          6  COMPLETED      0:0 
46608486     CT_MPS_L2+       main    general          6    RUNNING      0:0 
46608486.ba+      batch               general          6    RUNNING      0:0 
46608486.ex+     extern               general          6    RUNNING      0:0 
46608487     CT_MPS_L2+       main    general          6    RUNNING      0:0 
46608487.ba+      batch               general          6    RUNNING      0:0 
46608487.ex+     extern               general          6    RUNNING      0:0 
46608488     CT_MPS_L2+       main    general          6    RUNNING      0:0 
46608488.ba+      batch               general          6    RUNNING      0:0 
46608488.ex+     extern               general          6    RUNNING      0:0 
46608489     CT_MPS_L2+       main    general          6    RUNNING      0:0 
46608489.ba+      batch               general          6    RUNNING      0:0 
46608489.ex+     extern               general          6    RUNNING      0:0 
46608490     CT_MPS_L2+       main    general          6    RUNNING      0:0 
46608490.ba+      batch               general          6    RUNNING      0:0 
46608490.ex+     extern               general          6    RUNNING      0:0 
46608491     CT_MPS_L2+       main    general          6    RUNNING      0:0 
46608491.ba+      batch               general          6    RUNNING      0:0 
46608491.ex+     extern               general          6    RUNNING      0:0 
46608492     CT_MPS_L2+       main    general          6    RUNNING      0:0 
46608492.ba+      batch               general          6    RUNNING      0:0 
46608492.ex+     extern               general          6    RUNNING      0:0 
46608493     CT_MPS_L2+       main    general          6    RUNNING      0:0 
46608493.ba+      batch               general          6    RUNNING      0:0 
46608493.ex+     extern               general          6    RUNNING      0:0 
46608494     CT_MPS_L2+       main    general          6    RUNNING      0:0 
46608494.ba+      batch               general          6    RUNNING      0:0 
46608494.ex+     extern               general          6    RUNNING      0:0 
46608495     CT_MPS_L2+       main    general          6    RUNNING      0:0 
46608495.ba+      batch               general          6    RUNNING      0:0 
46608495.ex+     extern               general          6    RUNNING      0:0 
46608496     CT_MPS_L2+       main    general          6    RUNNING      0:0 
46608496.ba+      batch               general          6    RUNNING      0:0 
46608496.ex+     extern               general          6    RUNNING      0:0 
46608497     CT_MPS_L2+       main    general          6    RUNNING      0:0 
46608497.ba+      batch               general          6    RUNNING      0:0 
46608497.ex+     extern               general          6    RUNNING      0:0 
46608498     CT_MPS_L2+       main    general          6    RUNNING      0:0 
46608498.ba+      batch               general          6    RUNNING      0:0 
46608498.ex+     extern               general          6    RUNNING      0:0 
46608499     CT_MPS_L2+       main    general          6    RUNNING      0:0 
46608499.ba+      batch               general          6    RUNNING      0:0 
46608499.ex+     extern               general          6    RUNNING      0:0 
46608500     CT_MPS_L2+       main    general          6    RUNNING      0:0 
46608500.ba+      batch               general          6    RUNNING      0:0 
46608500.ex+     extern               general          6    RUNNING      0:0 
46608501     CT_MPS_L2+       main    general          6    RUNNING      0:0 
46608501.ba+      batch               general          6    RUNNING      0:0 
46608501.ex+     extern               general          6    RUNNING      0:0 
46608502     CT_MPS_L2+       main    general          6    RUNNING      0:0 
46608502.ba+      batch               general          6    RUNNING      0:0 
46608502.ex+     extern               general          6    RUNNING      0:0 
46608503     CT_MPS_L2+       main    general          6    RUNNING      0:0 
46608503.ba+      batch               general          6    RUNNING      0:0 
46608503.ex+     extern               general          6    RUNNING      0:0 
46608504     CT_MPS_L2+       main    general          6    RUNNING      0:0 
46608504.ba+      batch               general          6    RUNNING      0:0 
46608504.ex+     extern               general          6    RUNNING      0:0 
46608505     CT_MPS_L2+       main    general          6    RUNNING      0:0 
46608505.ba+      batch               general          6    RUNNING      0:0 
46608505.ex+     extern               general          6    RUNNING      0:0 
46608506     CT_MPS_L2+       main    general          6    RUNNING      0:0 
46608506.ba+      batch               general          6    RUNNING      0:0 
46608506.ex+     extern               general          6    RUNNING      0:0 
46608507     CT_MPS_L2+       main    general          6    RUNNING      0:0 
46608507.ba+      batch               general          6    RUNNING      0:0 
46608507.ex+     extern               general          6    RUNNING      0:0 
46608508     CT_MPS_L2+       main    general          6    RUNNING      0:0 
46608508.ba+      batch               general          6    RUNNING      0:0 
46608508.ex+     extern               general          6    RUNNING      0:0 
46608509     CT_MPS_L2+       main    general          6    RUNNING      0:0 
46608509.ba+      batch               general          6    RUNNING      0:0 
46608509.ex+     extern               general          6    RUNNING      0:0 
46608510     CT_MPS_L2+       main    general          6    RUNNING      0:0 
46608510.ba+      batch               general          6    RUNNING      0:0 
46608510.ex+     extern               general          6    RUNNING      0:0 
46608511     CT_MPS_L2+       main    general          6    RUNNING      0:0 
46608511.ba+      batch               general          6    RUNNING      0:0 
46608511.ex+     extern               general          6    RUNNING      0:0 
46608512     CT_MPS_L2+       main    general          6    RUNNING      0:0 
46608512.ba+      batch               general          6    RUNNING      0:0 
46608512.ex+     extern               general          6    RUNNING      0:0 
46608513     CT_MPS_L2+       main    general          6    RUNNING      0:0 
46608513.ba+      batch               general          6    RUNNING      0:0 
46608513.ex+     extern               general          6    RUNNING      0:0 
46608514     CT_MPS_L2+       main    general          6    RUNNING      0:0 
46608514.ba+      batch               general          6    RUNNING      0:0 
46608514.ex+     extern               general          6    RUNNING      0:0 
46608515     CT_MPS_L2+       main    general          6    RUNNING      0:0 
46608515.ba+      batch               general          6    RUNNING      0:0 
46608515.ex+     extern               general          6    RUNNING      0:0 
46608516     CT_MPS_L2+       main    general          6    RUNNING      0:0 
46608516.ba+      batch               general          6    RUNNING      0:0 
46608516.ex+     extern               general          6    RUNNING      0:0 
46608517     CT_MPS_L2+       main    general          6    RUNNING      0:0 
46608517.ba+      batch               general          6    RUNNING      0:0 
46608517.ex+     extern               general          6    RUNNING      0:0 
46608518     CT_MPS_L2+       main    general          6    RUNNING      0:0 
46608518.ba+      batch               general          6    RUNNING      0:0 
46608518.ex+     extern               general          6    RUNNING      0:0 
46608519     CT_MPS_L2+       main    general          6    RUNNING      0:0 
46608519.ba+      batch               general          6    RUNNING      0:0 
46608519.ex+     extern               general          6    RUNNING      0:0 
46608520     CT_MPS_L2+       main    general          6    RUNNING      0:0 
46608520.ba+      batch               general          6    RUNNING      0:0 
46608520.ex+     extern               general          6    RUNNING      0:0 
46608521     CT_MPS_L2+       main    general          6    RUNNING      0:0 
46608521.ba+      batch               general          6    RUNNING      0:0 
46608521.ex+     extern               general          6    RUNNING      0:0 
46608522     CT_MPS_L2+       main    general          6    RUNNING      0:0 
46608522.ba+      batch               general          6    RUNNING      0:0 
46608522.ex+     extern               general          6    RUNNING      0:0 
46608523     CT_MPS_L2+       main    general          6    RUNNING      0:0 
46608523.ba+      batch               general          6    RUNNING      0:0 
46608523.ex+     extern               general          6    RUNNING      0:0 
46608524     CT_MPS_L2+       main    general          6    RUNNING      0:0 
46608524.ba+      batch               general          6    RUNNING      0:0 
46608524.ex+     extern               general          6    RUNNING      0:0 
46608525     CT_MPS_L2+       main    general          6    RUNNING      0:0 
46608525.ba+      batch               general          6    RUNNING      0:0 
46608525.ex+     extern               general          6    RUNNING      0:0 
46608526     CT_MPS_L2+       main    general          6    RUNNING      0:0 
46608526.ba+      batch               general          6    RUNNING      0:0 
46608526.ex+     extern               general          6    RUNNING      0:0 
46608527     CT_MPS_L2+       main    general          6    RUNNING      0:0 
46608527.ba+      batch               general          6    RUNNING      0:0 
46608527.ex+     extern               general          6    RUNNING      0:0 
46608528     CT_MPS_L2+       main    general          6    RUNNING      0:0 
46608528.ba+      batch               general          6    RUNNING      0:0 
46608528.ex+     extern               general          6    RUNNING      0:0 
46608529     CT_MPS_L2+       main    general          6    RUNNING      0:0 
46608529.ba+      batch               general          6    RUNNING      0:0 
46608529.ex+     extern               general          6    RUNNING      0:0 
46608530     CT_MPS_L2+       main    general          6    RUNNING      0:0 
46608530.ba+      batch               general          6    RUNNING      0:0 
46608530.ex+     extern               general          6    RUNNING      0:0 
46608531     CT_MPS_L2+       main    general          6    RUNNING      0:0 
46608531.ba+      batch               general          6    RUNNING      0:0 
46608531.ex+     extern               general          6    RUNNING      0:0 
46608532     CT_MPS_L2+       main    general          6    RUNNING      0:0 
46608532.ba+      batch               general          6    RUNNING      0:0 
46608532.ex+     extern               general          6    RUNNING      0:0 
46608533     CT_MPS_L2+       main    general          6    RUNNING      0:0 
46608533.ba+      batch               general          6    RUNNING      0:0 
46608533.ex+     extern               general          6    RUNNING      0:0 
46608534     CT_MPS_L2+       main    general          6    RUNNING      0:0 
46608534.ba+      batch               general          6    RUNNING      0:0 
46608534.ex+     extern               general          6    RUNNING      0:0 
46608535     CT_MPS_L2+       main    general          6     FAILED      1:0 
46608535.ba+      batch               general          6     FAILED      1:0 
46608535.ex+     extern               general          6  COMPLETED      0:0 
46608536     CT_MPS_L2+       main    general          6    RUNNING      0:0 
46608536.ba+      batch               general          6    RUNNING      0:0 
46608536.ex+     extern               general          6    RUNNING      0:0 
46608537     CT_MPS_L2+       main    general          6    RUNNING      0:0 
46608537.ba+      batch               general          6    RUNNING      0:0 
46608537.ex+     extern               general          6    RUNNING      0:0 
46608538     CT_MPS_L2+       main    general          6    RUNNING      0:0 
46608538.ba+      batch               general          6    RUNNING      0:0 
46608538.ex+     extern               general          6    RUNNING      0:0 
46608539     CT_MPS_L2+       main    general          6    RUNNING      0:0 
46608539.ba+      batch               general          6    RUNNING      0:0 
46608539.ex+     extern               general          6    RUNNING      0:0 
46608540     CT_MPS_L2+       main    general          6    RUNNING      0:0 
46608540.ba+      batch               general          6    RUNNING      0:0 
46608540.ex+     extern               general          6    RUNNING      0:0 
46608541     CT_MPS_L2+       main    general          6    RUNNING      0:0 
46608541.ba+      batch               general          6    RUNNING      0:0 
46608541.ex+     extern               general          6    RUNNING      0:0 
46608542     CT_MPS_L2+       main    general          6    RUNNING      0:0 
46608542.ba+      batch               general          6    RUNNING      0:0 
46608542.ex+     extern               general          6    RUNNING      0:0 
46608543     CT_MPS_L2+       main    general          6    RUNNING      0:0 
46608543.ba+      batch               general          6    RUNNING      0:0 
46608543.ex+     extern               general          6    RUNNING      0:0 
